<?xml version="1.0" encoding="UTF-8"?>
<testsuite xmlns:xsi="http://www.w3.org/2001/XMLSchema-instance" xsi:noNamespaceSchemaLocation="https://maven.apache.org/surefire/maven-surefire-plugin/xsd/surefire-test-report.xsd" name="com.musalasoft.drones.rest.RestDroneTest" time="21.747" tests="5" errors="5" skipped="0" failures="0">
  <properties>
    <property name="sun.desktop" value="windows"/>
    <property name="awt.toolkit" value="sun.awt.windows.WToolkit"/>
    <property name="file.encoding.pkg" value="sun.io"/>
    <property name="java.specification.version" value="1.8"/>
    <property name="sun.cpu.isalist" value="amd64"/>
    <property name="sun.jnu.encoding" value="Cp1252"/>
    <property name="java.class.path" value="C:\Users\user\Documents\NetBeansProjects\Drones\target\test-classes;C:\Users\user\Documents\NetBeansProjects\Drones\target\classes;C:\Users\user\.m2\repository\org\springframework\spring-aop\4.3.29.RELEASE\spring-aop-4.3.29.RELEASE.jar;C:\Users\user\.m2\repository\org\springframework\spring-aspects\4.3.29.RELEASE\spring-aspects-4.3.29.RELEASE.jar;C:\Users\user\.m2\repository\org\aspectj\aspectjweaver\1.8.9\aspectjweaver-1.8.9.jar;C:\Users\user\.m2\repository\org\springframework\spring-beans\4.3.29.RELEASE\spring-beans-4.3.29.RELEASE.jar;C:\Users\user\.m2\repository\org\springframework\spring-context\4.3.29.RELEASE\spring-context-4.3.29.RELEASE.jar;C:\Users\user\.m2\repository\org\springframework\spring-context-support\4.3.29.RELEASE\spring-context-support-4.3.29.RELEASE.jar;C:\Users\user\.m2\repository\org\springframework\spring-core\4.3.29.RELEASE\spring-core-4.3.29.RELEASE.jar;C:\Users\user\.m2\repository\commons-logging\commons-logging\1.2\commons-logging-1.2.jar;C:\Users\user\.m2\repository\org\springframework\spring-expression\4.3.29.RELEASE\spring-expression-4.3.29.RELEASE.jar;C:\Users\user\.m2\repository\org\springframework\spring-instrument\4.3.29.RELEASE\spring-instrument-4.3.29.RELEASE.jar;C:\Users\user\.m2\repository\org\springframework\spring-instrument-tomcat\4.3.29.RELEASE\spring-instrument-tomcat-4.3.29.RELEASE.jar;C:\Users\user\.m2\repository\org\springframework\spring-jdbc\4.3.29.RELEASE\spring-jdbc-4.3.29.RELEASE.jar;C:\Users\user\.m2\repository\org\springframework\spring-jms\4.3.29.RELEASE\spring-jms-4.3.29.RELEASE.jar;C:\Users\user\.m2\repository\org\springframework\spring-messaging\4.3.29.RELEASE\spring-messaging-4.3.29.RELEASE.jar;C:\Users\user\.m2\repository\org\springframework\spring-orm\4.3.29.RELEASE\spring-orm-4.3.29.RELEASE.jar;C:\Users\user\.m2\repository\org\springframework\spring-oxm\4.3.29.RELEASE\spring-oxm-4.3.29.RELEASE.jar;C:\Users\user\.m2\repository\org\springframework\spring-test\4.3.29.RELEASE\spring-test-4.3.29.RELEASE.jar;C:\Users\user\.m2\repository\org\springframework\spring-tx\4.3.29.RELEASE\spring-tx-4.3.29.RELEASE.jar;C:\Users\user\.m2\repository\org\springframework\spring-web\4.3.29.RELEASE\spring-web-4.3.29.RELEASE.jar;C:\Users\user\.m2\repository\org\springframework\spring-webmvc\4.3.29.RELEASE\spring-webmvc-4.3.29.RELEASE.jar;C:\Users\user\.m2\repository\org\springframework\spring-webmvc-portlet\4.3.29.RELEASE\spring-webmvc-portlet-4.3.29.RELEASE.jar;C:\Users\user\.m2\repository\org\springframework\spring-websocket\4.3.29.RELEASE\spring-websocket-4.3.29.RELEASE.jar;C:\Users\user\.m2\repository\javax\servlet\jsp\jstl\javax.servlet.jsp.jstl-api\1.2.1\javax.servlet.jsp.jstl-api-1.2.1.jar;C:\Users\user\.m2\repository\org\glassfish\web\javax.servlet.jsp.jstl\1.2.2\javax.servlet.jsp.jstl-1.2.2.jar;C:\Users\user\.m2\repository\javax\servlet\jsp\jstl\jstl-api\1.2\jstl-api-1.2.jar;C:\Users\user\.m2\repository\javax\servlet\servlet-api\2.5\servlet-api-2.5.jar;C:\Users\user\.m2\repository\javax\servlet\jsp\jsp-api\2.1\jsp-api-2.1.jar;C:\Users\user\.m2\repository\com\fasterxml\jackson\core\jackson-annotations\2.11.4\jackson-annotations-2.11.4.jar;C:\Users\user\.m2\repository\javax\javaee-web-api\7.0\javaee-web-api-7.0.jar;C:\Users\user\.m2\repository\com\h2database\h2\1.4.194\h2-1.4.194.jar;C:\Users\user\.m2\repository\org\projectlombok\lombok\1.18.24\lombok-1.18.24.jar;C:\Users\user\.m2\repository\org\springframework\data\spring-data-jpa\1.11.23.RELEASE\spring-data-jpa-1.11.23.RELEASE.jar;C:\Users\user\.m2\repository\org\springframework\data\spring-data-commons\1.13.23.RELEASE\spring-data-commons-1.13.23.RELEASE.jar;C:\Users\user\.m2\repository\org\aspectj\aspectjrt\1.8.13\aspectjrt-1.8.13.jar;C:\Users\user\.m2\repository\org\slf4j\jcl-over-slf4j\1.7.25\jcl-over-slf4j-1.7.25.jar;C:\Users\user\.m2\repository\org\springframework\security\spring-security-web\4.2.20.RELEASE\spring-security-web-4.2.20.RELEASE.jar;C:\Users\user\.m2\repository\aopalliance\aopalliance\1.0\aopalliance-1.0.jar;C:\Users\user\.m2\repository\org\springframework\security\spring-security-core\4.2.20.RELEASE\spring-security-core-4.2.20.RELEASE.jar;C:\Users\user\.m2\repository\org\springframework\security\spring-security-config\4.2.20.RELEASE\spring-security-config-4.2.20.RELEASE.jar;C:\Users\user\.m2\repository\org\springframework\security\spring-security-taglibs\4.2.20.RELEASE\spring-security-taglibs-4.2.20.RELEASE.jar;C:\Users\user\.m2\repository\org\springframework\security\spring-security-acl\4.2.20.RELEASE\spring-security-acl-4.2.20.RELEASE.jar;C:\Users\user\.m2\repository\com\fasterxml\jackson\core\jackson-core\2.0.2\jackson-core-2.0.2.jar;C:\Users\user\.m2\repository\com\google\code\gson\gson\2.8.7\gson-2.8.7.jar;C:\Users\user\.m2\repository\org\hibernate\hibernate-core\4.1.0.Final\hibernate-core-4.1.0.Final.jar;C:\Users\user\.m2\repository\commons-collections\commons-collections\3.2.1\commons-collections-3.2.1.jar;C:\Users\user\.m2\repository\antlr\antlr\2.7.7\antlr-2.7.7.jar;C:\Users\user\.m2\repository\org\jboss\spec\javax\transaction\jboss-transaction-api_1.1_spec\1.0.0.Final\jboss-transaction-api_1.1_spec-1.0.0.Final.jar;C:\Users\user\.m2\repository\dom4j\dom4j\1.6.1\dom4j-1.6.1.jar;C:\Users\user\.m2\repository\xml-apis\xml-apis\1.0.b2\xml-apis-1.0.b2.jar;C:\Users\user\.m2\repository\org\jboss\logging\jboss-logging\3.1.0.CR2\jboss-logging-3.1.0.CR2.jar;C:\Users\user\.m2\repository\org\javassist\javassist\3.15.0-GA\javassist-3.15.0-GA.jar;C:\Users\user\.m2\repository\org\hibernate\common\hibernate-commons-annotations\4.0.1.Final\hibernate-commons-annotations-4.0.1.Final.jar;C:\Users\user\.m2\repository\org\hibernate\javax\persistence\hibernate-jpa-2.0-api\1.0.0.Final\hibernate-jpa-2.0-api-1.0.0.Final.jar;C:\Users\user\.m2\repository\org\hibernate\hibernate-entitymanager\4.1.0.Final\hibernate-entitymanager-4.1.0.Final.jar;C:\Users\user\.m2\repository\org\slf4j\slf4j-api\1.6.1\slf4j-api-1.6.1.jar;C:\Users\user\.m2\repository\org\slf4j\slf4j-simple\1.6.1\slf4j-simple-1.6.1.jar;C:\Users\user\.m2\repository\org\apache\httpcomponents\httpclient\4.5.1\httpclient-4.5.1.jar;C:\Users\user\.m2\repository\org\apache\httpcomponents\httpcore\4.4.3\httpcore-4.4.3.jar;C:\Users\user\.m2\repository\commons-codec\commons-codec\1.9\commons-codec-1.9.jar;C:\Users\user\.m2\repository\org\apache\commons\commons-lang3\3.10\commons-lang3-3.10.jar;C:\Users\user\.m2\repository\org\hamcrest\hamcrest-all\1.3\hamcrest-all-1.3.jar;C:\Users\user\.m2\repository\junit\junit\4.11\junit-4.11.jar;"/>
    <property name="java.vm.vendor" value="Oracle Corporation"/>
    <property name="sun.arch.data.model" value="64"/>
    <property name="user.variant" value=""/>
    <property name="java.vendor.url" value="http://java.oracle.com/"/>
    <property name="user.timezone" value="Africa/Harare"/>
    <property name="java.vm.specification.version" value="1.8"/>
    <property name="os.name" value="Windows 10"/>
    <property name="sun.java.launcher" value="SUN_STANDARD"/>
    <property name="user.country" value="US"/>
    <property name="sun.boot.library.path" value="C:\Program Files\Java\jdk1.8.0_162\jre\bin"/>
    <property name="sun.java.command" value="C:\Users\user\AppData\Local\Temp\surefire8525277916736578071\surefirebooter352314459300318685.jar C:\Users\user\AppData\Local\Temp\surefire8525277916736578071 2022-12-06T16-11-34_625-jvmRun1 surefire4642488522053484453tmp surefire_05250195159753231080tmp"/>
    <property name="surefire.test.class.path" value="C:\Users\user\Documents\NetBeansProjects\Drones\target\test-classes;C:\Users\user\Documents\NetBeansProjects\Drones\target\classes;C:\Users\user\.m2\repository\org\springframework\spring-aop\4.3.29.RELEASE\spring-aop-4.3.29.RELEASE.jar;C:\Users\user\.m2\repository\org\springframework\spring-aspects\4.3.29.RELEASE\spring-aspects-4.3.29.RELEASE.jar;C:\Users\user\.m2\repository\org\aspectj\aspectjweaver\1.8.9\aspectjweaver-1.8.9.jar;C:\Users\user\.m2\repository\org\springframework\spring-beans\4.3.29.RELEASE\spring-beans-4.3.29.RELEASE.jar;C:\Users\user\.m2\repository\org\springframework\spring-context\4.3.29.RELEASE\spring-context-4.3.29.RELEASE.jar;C:\Users\user\.m2\repository\org\springframework\spring-context-support\4.3.29.RELEASE\spring-context-support-4.3.29.RELEASE.jar;C:\Users\user\.m2\repository\org\springframework\spring-core\4.3.29.RELEASE\spring-core-4.3.29.RELEASE.jar;C:\Users\user\.m2\repository\commons-logging\commons-logging\1.2\commons-logging-1.2.jar;C:\Users\user\.m2\repository\org\springframework\spring-expression\4.3.29.RELEASE\spring-expression-4.3.29.RELEASE.jar;C:\Users\user\.m2\repository\org\springframework\spring-instrument\4.3.29.RELEASE\spring-instrument-4.3.29.RELEASE.jar;C:\Users\user\.m2\repository\org\springframework\spring-instrument-tomcat\4.3.29.RELEASE\spring-instrument-tomcat-4.3.29.RELEASE.jar;C:\Users\user\.m2\repository\org\springframework\spring-jdbc\4.3.29.RELEASE\spring-jdbc-4.3.29.RELEASE.jar;C:\Users\user\.m2\repository\org\springframework\spring-jms\4.3.29.RELEASE\spring-jms-4.3.29.RELEASE.jar;C:\Users\user\.m2\repository\org\springframework\spring-messaging\4.3.29.RELEASE\spring-messaging-4.3.29.RELEASE.jar;C:\Users\user\.m2\repository\org\springframework\spring-orm\4.3.29.RELEASE\spring-orm-4.3.29.RELEASE.jar;C:\Users\user\.m2\repository\org\springframework\spring-oxm\4.3.29.RELEASE\spring-oxm-4.3.29.RELEASE.jar;C:\Users\user\.m2\repository\org\springframework\spring-test\4.3.29.RELEASE\spring-test-4.3.29.RELEASE.jar;C:\Users\user\.m2\repository\org\springframework\spring-tx\4.3.29.RELEASE\spring-tx-4.3.29.RELEASE.jar;C:\Users\user\.m2\repository\org\springframework\spring-web\4.3.29.RELEASE\spring-web-4.3.29.RELEASE.jar;C:\Users\user\.m2\repository\org\springframework\spring-webmvc\4.3.29.RELEASE\spring-webmvc-4.3.29.RELEASE.jar;C:\Users\user\.m2\repository\org\springframework\spring-webmvc-portlet\4.3.29.RELEASE\spring-webmvc-portlet-4.3.29.RELEASE.jar;C:\Users\user\.m2\repository\org\springframework\spring-websocket\4.3.29.RELEASE\spring-websocket-4.3.29.RELEASE.jar;C:\Users\user\.m2\repository\javax\servlet\jsp\jstl\javax.servlet.jsp.jstl-api\1.2.1\javax.servlet.jsp.jstl-api-1.2.1.jar;C:\Users\user\.m2\repository\org\glassfish\web\javax.servlet.jsp.jstl\1.2.2\javax.servlet.jsp.jstl-1.2.2.jar;C:\Users\user\.m2\repository\javax\servlet\jsp\jstl\jstl-api\1.2\jstl-api-1.2.jar;C:\Users\user\.m2\repository\javax\servlet\servlet-api\2.5\servlet-api-2.5.jar;C:\Users\user\.m2\repository\javax\servlet\jsp\jsp-api\2.1\jsp-api-2.1.jar;C:\Users\user\.m2\repository\com\fasterxml\jackson\core\jackson-annotations\2.11.4\jackson-annotations-2.11.4.jar;C:\Users\user\.m2\repository\javax\javaee-web-api\7.0\javaee-web-api-7.0.jar;C:\Users\user\.m2\repository\com\h2database\h2\1.4.194\h2-1.4.194.jar;C:\Users\user\.m2\repository\org\projectlombok\lombok\1.18.24\lombok-1.18.24.jar;C:\Users\user\.m2\repository\org\springframework\data\spring-data-jpa\1.11.23.RELEASE\spring-data-jpa-1.11.23.RELEASE.jar;C:\Users\user\.m2\repository\org\springframework\data\spring-data-commons\1.13.23.RELEASE\spring-data-commons-1.13.23.RELEASE.jar;C:\Users\user\.m2\repository\org\aspectj\aspectjrt\1.8.13\aspectjrt-1.8.13.jar;C:\Users\user\.m2\repository\org\slf4j\jcl-over-slf4j\1.7.25\jcl-over-slf4j-1.7.25.jar;C:\Users\user\.m2\repository\org\springframework\security\spring-security-web\4.2.20.RELEASE\spring-security-web-4.2.20.RELEASE.jar;C:\Users\user\.m2\repository\aopalliance\aopalliance\1.0\aopalliance-1.0.jar;C:\Users\user\.m2\repository\org\springframework\security\spring-security-core\4.2.20.RELEASE\spring-security-core-4.2.20.RELEASE.jar;C:\Users\user\.m2\repository\org\springframework\security\spring-security-config\4.2.20.RELEASE\spring-security-config-4.2.20.RELEASE.jar;C:\Users\user\.m2\repository\org\springframework\security\spring-security-taglibs\4.2.20.RELEASE\spring-security-taglibs-4.2.20.RELEASE.jar;C:\Users\user\.m2\repository\org\springframework\security\spring-security-acl\4.2.20.RELEASE\spring-security-acl-4.2.20.RELEASE.jar;C:\Users\user\.m2\repository\com\fasterxml\jackson\core\jackson-core\2.0.2\jackson-core-2.0.2.jar;C:\Users\user\.m2\repository\com\google\code\gson\gson\2.8.7\gson-2.8.7.jar;C:\Users\user\.m2\repository\org\hibernate\hibernate-core\4.1.0.Final\hibernate-core-4.1.0.Final.jar;C:\Users\user\.m2\repository\commons-collections\commons-collections\3.2.1\commons-collections-3.2.1.jar;C:\Users\user\.m2\repository\antlr\antlr\2.7.7\antlr-2.7.7.jar;C:\Users\user\.m2\repository\org\jboss\spec\javax\transaction\jboss-transaction-api_1.1_spec\1.0.0.Final\jboss-transaction-api_1.1_spec-1.0.0.Final.jar;C:\Users\user\.m2\repository\dom4j\dom4j\1.6.1\dom4j-1.6.1.jar;C:\Users\user\.m2\repository\xml-apis\xml-apis\1.0.b2\xml-apis-1.0.b2.jar;C:\Users\user\.m2\repository\org\jboss\logging\jboss-logging\3.1.0.CR2\jboss-logging-3.1.0.CR2.jar;C:\Users\user\.m2\repository\org\javassist\javassist\3.15.0-GA\javassist-3.15.0-GA.jar;C:\Users\user\.m2\repository\org\hibernate\common\hibernate-commons-annotations\4.0.1.Final\hibernate-commons-annotations-4.0.1.Final.jar;C:\Users\user\.m2\repository\org\hibernate\javax\persistence\hibernate-jpa-2.0-api\1.0.0.Final\hibernate-jpa-2.0-api-1.0.0.Final.jar;C:\Users\user\.m2\repository\org\hibernate\hibernate-entitymanager\4.1.0.Final\hibernate-entitymanager-4.1.0.Final.jar;C:\Users\user\.m2\repository\org\slf4j\slf4j-api\1.6.1\slf4j-api-1.6.1.jar;C:\Users\user\.m2\repository\org\slf4j\slf4j-simple\1.6.1\slf4j-simple-1.6.1.jar;C:\Users\user\.m2\repository\org\apache\httpcomponents\httpclient\4.5.1\httpclient-4.5.1.jar;C:\Users\user\.m2\repository\org\apache\httpcomponents\httpcore\4.4.3\httpcore-4.4.3.jar;C:\Users\user\.m2\repository\commons-codec\commons-codec\1.9\commons-codec-1.9.jar;C:\Users\user\.m2\repository\org\apache\commons\commons-lang3\3.10\commons-lang3-3.10.jar;C:\Users\user\.m2\repository\org\hamcrest\hamcrest-all\1.3\hamcrest-all-1.3.jar;C:\Users\user\.m2\repository\junit\junit\4.11\junit-4.11.jar;"/>
    <property name="sun.cpu.endian" value="little"/>
    <property name="user.home" value="C:\Users\user"/>
    <property name="user.language" value="en"/>
    <property name="java.specification.vendor" value="Oracle Corporation"/>
    <property name="java.home" value="C:\Program Files\Java\jdk1.8.0_162\jre"/>
    <property name="basedir" value="C:\Users\user\Documents\NetBeansProjects\Drones"/>
    <property name="file.separator" value="\"/>
    <property name="line.separator" value="&#10;"/>
    <property name="java.vm.specification.vendor" value="Oracle Corporation"/>
    <property name="java.specification.name" value="Java Platform API Specification"/>
    <property name="java.awt.graphicsenv" value="sun.awt.Win32GraphicsEnvironment"/>
    <property name="surefire.real.class.path" value="C:\Users\user\AppData\Local\Temp\surefire8525277916736578071\surefirebooter352314459300318685.jar"/>
    <property name="sun.boot.class.path" value="C:\Program Files\Java\jdk1.8.0_162\jre\lib\resources.jar;C:\Program Files\Java\jdk1.8.0_162\jre\lib\rt.jar;C:\Program Files\Java\jdk1.8.0_162\jre\lib\sunrsasign.jar;C:\Program Files\Java\jdk1.8.0_162\jre\lib\jsse.jar;C:\Program Files\Java\jdk1.8.0_162\jre\lib\jce.jar;C:\Program Files\Java\jdk1.8.0_162\jre\lib\charsets.jar;C:\Program Files\Java\jdk1.8.0_162\jre\lib\jfr.jar;C:\Program Files\Java\jdk1.8.0_162\jre\classes"/>
    <property name="user.script" value=""/>
    <property name="sun.management.compiler" value="HotSpot 64-Bit Tiered Compilers"/>
    <property name="java.runtime.version" value="1.8.0_162-b12"/>
    <property name="user.name" value="user"/>
    <property name="path.separator" value=";"/>
    <property name="os.version" value="10.0"/>
    <property name="java.endorsed.dirs" value="C:\Program Files\Java\jdk1.8.0_162\jre\lib\endorsed"/>
    <property name="java.runtime.name" value="Java(TM) SE Runtime Environment"/>
    <property name="file.encoding" value="UTF-8"/>
    <property name="java.vm.name" value="Java HotSpot(TM) 64-Bit Server VM"/>
    <property name="maven.ext.class.path" value="C:\Program Files\NetBeans-15\netbeans\java\maven-nblib\netbeans-eventspy.jar"/>
    <property name="localRepository" value="C:\Users\user\.m2\repository"/>
    <property name="java.vendor.url.bug" value="http://bugreport.sun.com/bugreport/"/>
    <property name="java.io.tmpdir" value="C:\Users\user\AppData\Local\Temp\"/>
    <property name="java.version" value="1.8.0_162"/>
    <property name="user.dir" value="C:\Users\user\Documents\NetBeansProjects\Drones"/>
    <property name="os.arch" value="amd64"/>
    <property name="java.vm.specification.name" value="Java Virtual Machine Specification"/>
    <property name="java.awt.printerjob" value="sun.awt.windows.WPrinterJob"/>
    <property name="sun.os.patch.level" value=""/>
    <property name="java.library.path" value="C:\Program Files\Java\jdk1.8.0_162\jre\bin;C:\Windows\Sun\Java\bin;C:\Windows\system32;C:\Windows;C:\Python310\Scripts\;C:\Python310\;C:\Python39\Scripts\;C:\Python39\;C:\Program Files\Microsoft MPI\Bin\;C:\ProgramData\Oracle\Java\javapath;C:\Windows\system32;C:\Windows;C:\Windows\System32\Wbem;C:\Windows\System32\WindowsPowerShell\v1.0\;C:\Windows\System32\OpenSSH\;C:\Program Files\dotnet\;C:\Program Files\Microsoft SQL Server\130\Tools\Binn\;C:\Program Files\Microsoft SQL Server\120\DTS\Binn\;C:\Program Files\Microsoft SQL Server\Client SDK\ODBC\110\Tools\Binn\;C:\Program Files (x86)\Microsoft SQL Server\120\Tools\Binn\;C:\Program Files\Microsoft SQL Server\120\Tools\Binn\;C:\Program Files (x86)\Microsoft SQL Server\120\Tools\Binn\ManagementStudio\;C:\Program Files (x86)\Microsoft SQL Server\120\DTS\Binn\;C:\Program Files (x86)\Microsoft SQL Server\130\Tools\Binn\;C:\Program Files (x86)\Microsoft SQL Server\130\DTS\Binn\;C:\Program Files\Microsoft SQL Server\130\DTS\Binn\;C:\Program Files\Microsoft SQL Server\Client SDK\ODBC\130\Tools\Binn\;C:\Program Files (x86)\dotnet\;C:\Program Files (x86)\Microsoft SQL Server\150\DTS\Binn\;C:\Program Files (x86)\Microsoft SQL Server\100\Tools\Binn\;C:\Program Files\Microsoft SQL Server\100\Tools\Binn\;C:\Program Files\Microsoft SQL Server\100\DTS\Binn\;C:\ProgramData\chocolatey\bin;C:\Program Files\Microsoft JDBC Driver 6.0 for SQL Server\sqljdbc_6.0\enu\auth\x64;C:\Program Files\nodejs\;C:\Program Files\Java\jdk1.8.0_131\bin\;C:\Program Files\PuTTY\;C:\Program Files\Go\bin;C:\apache-maven-3.8.6\bin;C:\Users\user\AppData\Local\Microsoft\WindowsApps;C:\Users\user\.dotnet\tools;C:\Program Files\Azure Data Studio\bin;C:\Program Files\JetBrains\IntelliJ IDEA Community Edition 2022.1\bin;;C:\Program Files\JetBrains\IntelliJ IDEA Educational Edition 2021.3.4\bin;;C:\Users\user\AppData\Roaming\npm;C:\Users\user\go\bin;."/>
    <property name="java.vm.info" value="mixed mode"/>
    <property name="java.vendor" value="Oracle Corporation"/>
    <property name="java.vm.version" value="25.162-b12"/>
    <property name="java.ext.dirs" value="C:\Program Files\Java\jdk1.8.0_162\jre\lib\ext;C:\Windows\Sun\Java\lib\ext"/>
    <property name="sun.io.unicode.encoding" value="UnicodeLittle"/>
    <property name="java.class.version" value="52.0"/>
  </properties>
  <testcase name="registerDrone" classname="com.musalasoft.drones.rest.RestDroneTest" time="5.375">
    <error message="Connect to localhost:10080 [localhost/127.0.0.1, localhost/0:0:0:0:0:0:0:1] failed: Connection refused: connect" type="org.apache.http.conn.HttpHostConnectException">org.apache.http.conn.HttpHostConnectException: Connect to localhost:10080 [localhost/127.0.0.1, localhost/0:0:0:0:0:0:0:1] failed: Connection refused: connect
	at com.musalasoft.drones.rest.RestDroneTest.registerDrone(RestDroneTest.java:60)
Caused by: java.net.ConnectException: Connection refused: connect
	at com.musalasoft.drones.rest.RestDroneTest.registerDrone(RestDroneTest.java:60)
</error>
  </testcase>
  <testcase name="checkBatteryLevel" classname="com.musalasoft.drones.rest.RestDroneTest" time="4.068">
    <error message="Connect to localhost:10080 [localhost/127.0.0.1, localhost/0:0:0:0:0:0:0:1] failed: Connection refused: connect" type="org.apache.http.conn.HttpHostConnectException">org.apache.http.conn.HttpHostConnectException: Connect to localhost:10080 [localhost/127.0.0.1, localhost/0:0:0:0:0:0:0:1] failed: Connection refused: connect
	at com.musalasoft.drones.rest.RestDroneTest.checkBatteryLevel(RestDroneTest.java:89)
Caused by: java.net.ConnectException: Connection refused: connect
	at com.musalasoft.drones.rest.RestDroneTest.checkBatteryLevel(RestDroneTest.java:89)
</error>
  </testcase>
  <testcase name="listMedicationByDrone" classname="com.musalasoft.drones.rest.RestDroneTest" time="4.04">
    <error message="Connect to localhost:10080 [localhost/127.0.0.1, localhost/0:0:0:0:0:0:0:1] failed: Connection refused: connect" type="org.apache.http.conn.HttpHostConnectException">org.apache.http.conn.HttpHostConnectException: Connect to localhost:10080 [localhost/127.0.0.1, localhost/0:0:0:0:0:0:0:1] failed: Connection refused: connect
	at com.musalasoft.drones.rest.RestDroneTest.listMedicationByDrone(RestDroneTest.java:99)
Caused by: java.net.ConnectException: Connection refused: connect
	at com.musalasoft.drones.rest.RestDroneTest.listMedicationByDrone(RestDroneTest.java:99)
</error>
  </testcase>
  <testcase name="listavailable" classname="com.musalasoft.drones.rest.RestDroneTest" time="4.077">
    <error message="Connect to localhost:10080 [localhost/127.0.0.1, localhost/0:0:0:0:0:0:0:1] failed: Connection refused: connect" type="org.apache.http.conn.HttpHostConnectException">org.apache.http.conn.HttpHostConnectException: Connect to localhost:10080 [localhost/127.0.0.1, localhost/0:0:0:0:0:0:0:1] failed: Connection refused: connect
	at com.musalasoft.drones.rest.RestDroneTest.listavailable(RestDroneTest.java:108)
Caused by: java.net.ConnectException: Connection refused: connect
	at com.musalasoft.drones.rest.RestDroneTest.listavailable(RestDroneTest.java:108)
</error>
  </testcase>
  <testcase name="loadDrone" classname="com.musalasoft.drones.rest.RestDroneTest" time="4.054">
    <error message="Connect to localhost:10080 [localhost/127.0.0.1, localhost/0:0:0:0:0:0:0:1] failed: Connection refused: connect" type="org.apache.http.conn.HttpHostConnectException">org.apache.http.conn.HttpHostConnectException: Connect to localhost:10080 [localhost/127.0.0.1, localhost/0:0:0:0:0:0:0:1] failed: Connection refused: connect
	at com.musalasoft.drones.rest.RestDroneTest.loadDrone(RestDroneTest.java:81)
Caused by: java.net.ConnectException: Connection refused: connect
	at com.musalasoft.drones.rest.RestDroneTest.loadDrone(RestDroneTest.java:81)
</error>
  </testcase>
</testsuite>